This file contains any messages produced by compilers while
running configure, to aid debugging if configure makes a mistake.

It was created by etangocards configure 0.0.1, which was
generated by GNU Autoconf 2.61.  Invocation command line was

  $ ../configure 

## --------- ##
## Platform. ##
## --------- ##

hostname = gundam-debian
uname -m = x86_64
uname -r = 2.6.26-2-amd64
uname -s = Linux
uname -v = #1 SMP Sun Jun 21 04:47:08 UTC 2009

/usr/bin/uname -p = unknown
/bin/uname -X     = unknown

/bin/arch              = unknown
/usr/bin/arch -k       = unknown
/usr/convex/getsysinfo = unknown
/usr/bin/hostinfo      = unknown
/bin/machine           = unknown
/usr/bin/oslevel       = unknown
/bin/universe          = unknown

PATH: /usr/local/bin
PATH: /usr/bin
PATH: /bin
PATH: /usr/games


## ----------- ##
## Core tests. ##
## ----------- ##

configure:1732: checking for a BSD-compatible install
configure:1788: result: /usr/bin/install -c
configure:1799: checking whether build environment is sane
configure:1842: result: yes
configure:1870: checking for a thread-safe mkdir -p
configure:1909: result: /bin/mkdir -p
configure:1922: checking for gawk
configure:1952: result: no
configure:1922: checking for mawk
configure:1938: found /usr/bin/mawk
configure:1949: result: mawk
configure:1960: checking whether make sets $(MAKE)
configure:1981: result: yes
configure:2228: checking for g++
configure:2244: found /usr/bin/g++
configure:2255: result: g++
configure:2286: checking for C++ compiler version
configure:2293: g++ --version >&5
g++ (Debian 4.3.2-1.1) 4.3.2
Copyright (C) 2008 Free Software Foundation, Inc.
This is free software; see the source for copying conditions.  There is NO
warranty; not even for MERCHANTABILITY or FITNESS FOR A PARTICULAR PURPOSE.

configure:2296: $? = 0
configure:2303: g++ -v >&5
Using built-in specs.
Target: x86_64-linux-gnu
Configured with: ../src/configure -v --with-pkgversion='Debian 4.3.2-1.1' --with-bugurl=file:///usr/share/doc/gcc-4.3/README.Bugs --enable-languages=c,c++,fortran,objc,obj-c++ --prefix=/usr --enable-shared --with-system-zlib --libexecdir=/usr/lib --without-included-gettext --enable-threads=posix --enable-nls --with-gxx-include-dir=/usr/include/c++/4.3 --program-suffix=-4.3 --enable-clocale=gnu --enable-libstdcxx-debug --enable-objc-gc --enable-mpfr --enable-cld --enable-checking=release --build=x86_64-linux-gnu --host=x86_64-linux-gnu --target=x86_64-linux-gnu
Thread model: posix
gcc version 4.3.2 (Debian 4.3.2-1.1) 
configure:2306: $? = 0
configure:2313: g++ -V >&5
g++: '-V' option must have argument
configure:2316: $? = 1
configure:2339: checking for C++ compiler default output file name
configure:2366: g++    conftest.cpp  >&5
configure:2369: $? = 0
configure:2407: result: a.out
configure:2424: checking whether the C++ compiler works
configure:2434: ./a.out
configure:2437: $? = 0
configure:2454: result: yes
configure:2461: checking whether we are cross compiling
configure:2463: result: no
configure:2466: checking for suffix of executables
configure:2473: g++ -o conftest    conftest.cpp  >&5
configure:2476: $? = 0
configure:2500: result: 
configure:2506: checking for suffix of object files
configure:2532: g++ -c   conftest.cpp >&5
configure:2535: $? = 0
configure:2558: result: o
configure:2562: checking whether we are using the GNU C++ compiler
configure:2591: g++ -c   conftest.cpp >&5
configure:2597: $? = 0
configure:2614: result: yes
configure:2619: checking whether g++ accepts -g
configure:2649: g++ -c -g  conftest.cpp >&5
configure:2655: $? = 0
configure:2754: result: yes
configure:2788: checking for style of include used by make
configure:2816: result: GNU
configure:2841: checking dependency style of g++
configure:2932: result: gcc3
configure:3065: creating ./config.status

## ---------------------- ##
## Running config.status. ##
## ---------------------- ##

This file was extended by etangocards config.status 0.0.1, which was
generated by GNU Autoconf 2.61.  Invocation command line was

  CONFIG_FILES    = 
  CONFIG_HEADERS  = 
  CONFIG_LINKS    = 
  CONFIG_COMMANDS = 
  $ ./config.status 

on gundam-debian

config.status:633: creating Makefile
config.status:633: creating src/Makefile
config.status:633: creating config.h
config.status:889: executing depfiles commands

## ---------------- ##
## Cache variables. ##
## ---------------- ##

ac_cv_cxx_compiler_gnu=yes
ac_cv_env_CCC_set=
ac_cv_env_CCC_value=
ac_cv_env_CPPFLAGS_set=
ac_cv_env_CPPFLAGS_value=
ac_cv_env_CXXFLAGS_set=
ac_cv_env_CXXFLAGS_value=
ac_cv_env_CXX_set=
ac_cv_env_CXX_value=
ac_cv_env_LDFLAGS_set=
ac_cv_env_LDFLAGS_value=
ac_cv_env_LIBS_set=
ac_cv_env_LIBS_value=
ac_cv_env_build_alias_set=
ac_cv_env_build_alias_value=
ac_cv_env_host_alias_set=
ac_cv_env_host_alias_value=
ac_cv_env_target_alias_set=
ac_cv_env_target_alias_value=
ac_cv_objext=o
ac_cv_path_install='/usr/bin/install -c'
ac_cv_path_mkdir=/bin/mkdir
ac_cv_prog_AWK=mawk
ac_cv_prog_ac_ct_CXX=g++
ac_cv_prog_cxx_g=yes
ac_cv_prog_make_make_set=yes
am_cv_CXX_dependencies_compiler_type=gcc3

## ----------------- ##
## Output variables. ##
## ----------------- ##

ACLOCAL='${SHELL} /home/abrahan/Documentos/Proyecto/ETangoCard/build-aux/missing --run aclocal-1.10'
AMDEPBACKSLASH='\'
AMDEP_FALSE='#'
AMDEP_TRUE=''
AMTAR='${SHELL} /home/abrahan/Documentos/Proyecto/ETangoCard/build-aux/missing --run tar'
AUTOCONF='${SHELL} /home/abrahan/Documentos/Proyecto/ETangoCard/build-aux/missing --run autoconf'
AUTOHEADER='${SHELL} /home/abrahan/Documentos/Proyecto/ETangoCard/build-aux/missing --run autoheader'
AUTOMAKE='${SHELL} /home/abrahan/Documentos/Proyecto/ETangoCard/build-aux/missing --run automake-1.10'
AWK='mawk'
CPPFLAGS=''
CXX='g++'
CXXDEPMODE='depmode=gcc3'
CXXFLAGS='-g -O2'
CYGPATH_W='echo'
DEFS='-DHAVE_CONFIG_H'
DEPDIR='.deps'
ECHO_C=''
ECHO_N='-n'
ECHO_T=''
EXEEXT=''
INSTALL_DATA='${INSTALL} -m 644'
INSTALL_PROGRAM='${INSTALL}'
INSTALL_SCRIPT='${INSTALL}'
INSTALL_STRIP_PROGRAM='$(install_sh) -c -s'
LDFLAGS=''
LIBOBJS=''
LIBS=''
LTLIBOBJS=''
MAKEINFO='${SHELL} /home/abrahan/Documentos/Proyecto/ETangoCard/build-aux/missing --run makeinfo'
OBJEXT='o'
PACKAGE='etangocards'
PACKAGE_BUGREPORT='abrahanfer@gmail.com'
PACKAGE_NAME='etangocards'
PACKAGE_STRING='etangocards 0.0.1'
PACKAGE_TARNAME='etangocards'
PACKAGE_VERSION='0.0.1'
PATH_SEPARATOR=':'
SET_MAKE=''
SHELL='/bin/sh'
STRIP=''
VERSION='0.0.1'
ac_ct_CXX='g++'
am__fastdepCXX_FALSE='#'
am__fastdepCXX_TRUE=''
am__include='include'
am__isrc=' -I$(srcdir)'
am__leading_dot='.'
am__quote=''
am__tar='${AMTAR} chof - "$$tardir"'
am__untar='${AMTAR} xf -'
bindir='${exec_prefix}/bin'
build_alias=''
datadir='${datarootdir}'
datarootdir='${prefix}/share'
docdir='${datarootdir}/doc/${PACKAGE_TARNAME}'
dvidir='${docdir}'
exec_prefix='${prefix}'
host_alias=''
htmldir='${docdir}'
includedir='${prefix}/include'
infodir='${datarootdir}/info'
install_sh='$(SHELL) /home/abrahan/Documentos/Proyecto/ETangoCard/build-aux/install-sh'
libdir='${exec_prefix}/lib'
libexecdir='${exec_prefix}/libexec'
localedir='${datarootdir}/locale'
localstatedir='${prefix}/var'
mandir='${datarootdir}/man'
mkdir_p='/bin/mkdir -p'
oldincludedir='/usr/include'
pdfdir='${docdir}'
prefix='/usr/local'
program_transform_name='s,x,x,'
psdir='${docdir}'
sbindir='${exec_prefix}/sbin'
sharedstatedir='${prefix}/com'
sysconfdir='${prefix}/etc'
target_alias=''

## ----------- ##
## confdefs.h. ##
## ----------- ##

#define PACKAGE_NAME "etangocards"
#define PACKAGE_TARNAME "etangocards"
#define PACKAGE_VERSION "0.0.1"
#define PACKAGE_STRING "etangocards 0.0.1"
#define PACKAGE_BUGREPORT "abrahanfer@gmail.com"
#define PACKAGE "etangocards"
#define VERSION "0.0.1"

configure: exit 0
